<?xml version="1.0" encoding="UTF-8"?>
<testsuite name="array.reverse.LibraryTest" tests="1" skipped="0" failures="0" errors="0" timestamp="2020-09-15T23:09:49" hostname="MacBook-Pro.local" time="0.0">
  <properties/>
  <testcase name="testSomeLibraryMethod" classname="array.reverse.LibraryTest" time="0.0"/>
  <system-out><![CDATA[]]></system-out>
  <system-err><![CDATA[]]></system-err>
</testsuite>
